<?xml version="1.0" encoding="UTF-8"?>
<!-- Generated by org.testng.reporters.JUnitReportReporter -->
<testsuite hostname="KIMBALL-QA14" failures="0" tests="1" name="kimball.Tasks" time="51.397" errors="0" timestamp="2020-12-30T22:55:16 IST" skipped="0">
  <testcase classname="kimball.Tasks" name="CreateTasks" time="51.397"/>
  <system-out/>
</testsuite> <!-- kimball.Tasks -->
