<?xml version="1.0" encoding="UTF-8"?>
<!-- Generated by org.testng.reporters.JUnitReportReporter -->
<testsuite hostname="KIMBALL-QA14" failures="0" tests="1" name="kimball.CarePlan" time="58.061" errors="0" timestamp="2020-12-30T22:55:16 IST" skipped="0">
  <testcase classname="kimball.CarePlan" name="SaveCarePlan" time="58.061"/>
  <system-out/>
</testsuite> <!-- kimball.CarePlan -->
